\BOOKMARK [1][-]{section.1}{Course Description}{}% 1
\BOOKMARK [2][-]{subsection.1.1}{Class Time and Location}{section.1}% 2
\BOOKMARK [2][-]{subsection.1.2}{Instructor}{section.1}% 3
\BOOKMARK [2][-]{subsection.1.3}{Text}{section.1}% 4
\BOOKMARK [1][-]{section.2}{Course Materials}{}% 5
\BOOKMARK [1][-]{section.3}{Learning Objective}{}% 6
\BOOKMARK [1][-]{section.4}{Attendance Policy}{}% 7
\BOOKMARK [1][-]{section.5}{Course Assessment}{}% 8
\BOOKMARK [2][-]{subsection.5.1}{Participation and Engagement}{section.5}% 9
\BOOKMARK [2][-]{subsection.5.2}{Mini-quizzes}{section.5}% 10
\BOOKMARK [2][-]{subsection.5.3}{Reading feedback}{section.5}% 11
\BOOKMARK [2][-]{subsection.5.4}{In-class discussion lead and feedback}{section.5}% 12
\BOOKMARK [2][-]{subsection.5.5}{Literature review}{section.5}% 13
\BOOKMARK [1][-]{section.6}{Grading}{}% 14
\BOOKMARK [1][-]{section.7}{Grading Scale}{}% 15
\BOOKMARK [1][-]{section.8}{Missing In-class Activities}{}% 16
\BOOKMARK [1][-]{section.9}{Special Considerations}{}% 17
\BOOKMARK [2][-]{subsection.9.1}{Disabling Condition}{section.9}% 18
\BOOKMARK [2][-]{subsection.9.2}{Religious Holy Days}{section.9}% 19
\BOOKMARK [1][-]{section.10}{Academic Integrity}{}% 20
\BOOKMARK [1][-]{section.11}{TTU Resources for Discrimination, Harassment, and Sexual Violence}{}% 21
\BOOKMARK [1][-]{section.12}{LGBTQIA}{}% 22
\BOOKMARK [1][-]{section.13}{Creating Livable Futures}{}% 23
